<?xml version="1.0" encoding="UTF-8"?>
<!-- Generated by org.testng.reporters.JUnitXMLReporter -->
<testsuite ignored="1" hostname="EPINHYDW0886" failures="0" tests="2" name="Test" time="0.043" errors="0" timestamp="2021-04-08T14:08:08 IST">
  <testcase classname="cucumber.TestNGFramework.AppTest" name="testMethod1" time="0.007"/>
  <testcase classname="cucumber.TestNGFramework.AppTest" name="testMethod2" time="0.001"/>
  <testcase classname="cucumber.TestNGFramework.AppTest" name="testMethod3" time="0.0">
    <ignored/>
  </testcase> <!-- testMethod3 -->
</testsuite> <!-- Test -->
